<?xml version="1.0" encoding="UTF-8"?>
<testng-results ignored="0" total="2" passed="2" failed="0" skipped="0">
  <reporter-output>
  </reporter-output>
  <suite started-at="2021-04-18T21:15:17 IST" name="Default suite" finished-at="2021-04-18T21:15:28 IST" duration-ms="11664">
    <groups>
    </groups>
    <test started-at="2021-04-18T21:15:17 IST" name="Default test" finished-at="2021-04-18T21:15:28 IST" duration-ms="11664">
      <class name="gridDemo.LoginTestOnChrome">
        <test-method signature="setup()[pri:1, instance:gridDemo.LoginTestOnChrome@1356d4d4]" started-at="2021-04-18T21:15:17 IST" name="setup" finished-at="2021-04-18T21:15:19 IST" duration-ms="2329" status="PASS">
          <reporter-output>
          </reporter-output>
        </test-method> <!-- setup -->
        <test-method signature="login()[pri:2, instance:gridDemo.LoginTestOnChrome@1356d4d4]" started-at="2021-04-18T21:15:19 IST" name="login" finished-at="2021-04-18T21:15:28 IST" duration-ms="9284" status="PASS">
          <reporter-output>
          </reporter-output>
        </test-method> <!-- login -->
      </class> <!-- gridDemo.LoginTestOnChrome -->
    </test> <!-- Default test -->
  </suite> <!-- Default suite -->
</testng-results>
